<?xml version="1.0" encoding="UTF-8"?>
<testsuite name="site.itprohub.javelin.data.DbConnManagerTest" tests="4" skipped="0" failures="0" errors="0" timestamp="2025-07-18T09:44:58.428Z" hostname="WH-PC-LVJ" time="1.34">
  <properties/>
  <testcase name="testGetAppDbConfig_returnsMockConfig()" classname="site.itprohub.javelin.data.DbConnManagerTest" time="0.966"/>
  <testcase name="testCreateTenantDb()" classname="site.itprohub.javelin.data.DbConnManagerTest" time="0.002"/>
  <testcase name="testCreateAppDb()" classname="site.itprohub.javelin.data.DbConnManagerTest" time="0.363"/>
  <testcase name="testGetAppDbConfig_throwsException()" classname="site.itprohub.javelin.data.DbConnManagerTest" time="0.004"/>
  <system-out><![CDATA[]]></system-out>
  <system-err><![CDATA[WARNING: A Java agent has been loaded dynamically (C:\Users\lvj01\.gradle\caches\modules-2\files-2.1\net.bytebuddy\byte-buddy-agent\1.14.11\f9cb566608fbac6bc7bf54901a7aa11543a989ee\byte-buddy-agent-1.14.11.jar)
WARNING: If a serviceability tool is in use, please run with -XX:+EnableDynamicAgentLoading to hide this warning
WARNING: If a serviceability tool is not in use, please run with -Djdk.instrument.traceUsage for more information
WARNING: Dynamic loading of agents will be disallowed by default in a future release
]]></system-err>
</testsuite>
